app/build/outputs/mapping/release/mapping.txt
# compiler: R8
# compiler_version: 8.7.18
# min_api: 24
# common_typos_disable
# {"id":"com.android.tools.r8.mapping","version":"2.2"}
# pg_map_id: 61f05e6
# pg_map_hash: SHA-256 61f05e6b8da614211d0b006b21e413c81e24388aef7db92883cbb06bdb99dea6
com.voltrigger.VolReceiver -> com.voltrigger.VolReceiver:
# {"id":"sourceFile","fileName":"VolReceiver.kt"}
    com.voltrigger.VolReceiver$Companion Companion -> Companion
      # {"id":"com.android.tools.r8.residualsignature","signature":"Lj/a;"}
    3:5:void com.voltrigger.VolReceiver$Companion.<init>():19:19 -> <clinit>
    3:5:void com.voltrigger.VolReceiver$Companion.<init>(kotlin.jvm.internal.DefaultConstructorMarker):0 -> <clinit>
    3:5:void <clinit>():0 -> <clinit>
    6:8:void <clinit>():0:0 -> <clinit>
    1:4:void <init>():8:8 -> <init>
    11:27:void onReceive(android.content.Context,android.content.Intent):10:10 -> onReceive
    28:71:void onReceive(android.content.Context,android.content.Intent):11:11 -> onReceive
    72:75:void onReceive(android.content.Context,android.content.Intent):16:16 -> onReceive
com.voltrigger.VolReceiver$Companion -> j.a:
# {"id":"sourceFile","fileName":"VolReceiver.kt"}
com.voltrigger.VolTileDownService -> com.voltrigger.VolTileDownService:
# {"id":"sourceFile","fileName":"VolTileDownService.kt"}
    1:4:void <init>():10:10 -> <init>
    1:3:void onClick():12:12 -> onClick
    4:23:void onClick():13:13 -> onClick
    24:27:void onClick():14:14 -> onClick
com.voltrigger.VolTileUpService -> com.voltrigger.VolTileUpService:
# {"id":"sourceFile","fileName":"VolTileUpService.kt"}
    1:4:void <init>():10:10 -> <init>
    1:3:void onClick():12:12 -> onClick
    4:22:void onClick():13:13 -> onClick
    23:26:void onClick():14:14 -> onClick
com.voltrigger.VolWidget -> com.voltrigger.VolWidget:
# {"id":"sourceFile","fileName":"VolWidget.kt"}
    1:4:void <init>():10:10 -> <init>
    16:22:void onUpdate(android.content.Context,android.appwidget.AppWidgetManager,int[]):12:12 -> onUpdate
    23:34:void onUpdate(android.content.Context,android.appwidget.AppWidgetManager,int[]):13:13 -> onUpdate
    35:49:void onUpdate(android.content.Context,android.appwidget.AppWidgetManager,int[]):18:18 -> onUpdate
    50:53:void onUpdate(android.content.Context,android.appwidget.AppWidgetManager,int[]):15:15 -> onUpdate
    54:65:void onUpdate(android.content.Context,android.appwidget.AppWidgetManager,int[]):24:24 -> onUpdate
    66:72:void onUpdate(android.content.Context,android.appwidget.AppWidgetManager,int[]):21:21 -> onUpdate
    73:78:void onUpdate(android.content.Context,android.appwidget.AppWidgetManager,int[]):28:28 -> onUpdate
    79:81:void onUpdate(android.content.Context,android.appwidget.AppWidgetManager,int[]):29:29 -> onUpdate
    82:88:void onUpdate(android.content.Context,android.appwidget.AppWidgetManager,int[]):30:30 -> onUpdate
com.voltrigger.VolWidgetDown -> com.voltrigger.VolWidgetDown:
# {"id":"sourceFile","fileName":"VolWidgetDown.kt"}
    1:4:void <init>():10:10 -> <init>
    16:21:void onUpdate(android.content.Context,android.appwidget.AppWidgetManager,int[]):12:12 -> onUpdate
    22:28:void onUpdate(android.content.Context,android.appwidget.AppWidgetManager,int[]):13:13 -> onUpdate
    29:36:void onUpdate(android.content.Context,android.appwidget.AppWidgetManager,int[]):14:14 -> onUpdate
    37:40:void onUpdate(android.content.Context,android.appwidget.AppWidgetManager,int[]):16:16 -> onUpdate
    41:55:void onUpdate(android.content.Context,android.appwidget.AppWidgetManager,int[]):22:22 -> onUpdate
    56:58:void onUpdate(android.content.Context,android.appwidget.AppWidgetManager,int[]):23:23 -> onUpdate
    59:65:void onUpdate(android.content.Context,android.appwidget.AppWidgetManager,int[]):24:24 -> onUpdate
...
androidx.profileinstaller.ProfileVerifier$Cache -> f.p:
# {"id":"sourceFile","fileName":"ProfileVerifier.java"}
    int mSchema -> a
    int mResultCode -> b
    long mPackageLastUpdateTime -> c
    long mInstalledCurrentProfileSize -> d
    1:3:void <init>(int,int,long,long):337:337 -> <init>
    4:5:void <init>(int,int,long,long):338:338 -> <init>
    6:7:void <init>(int,int,long,long):339:339 -> <init>
    8:9:void <init>(int,int,long,long):340:340 -> <init>
    10:12:void <init>(int,int,long,long):341:341 -> <init>
    1:10:androidx.profileinstaller.ProfileVerifier$Cache readFromFile(java.io.File):376:376 -> a
      # {"id":"com.android.tools.r8.residualsignature","signature":"(Ljava/io/File;)Lf/p;"}
    11:12:androidx.profileinstaller.ProfileVerifier$Cache readFromFile(java.io.File):377:377 -> a
    13:16:androidx.profileinstaller.ProfileVerifier$Cache readFromFile(java.io.File):378:378 -> a
    17:20:androidx.profileinstaller.ProfileVerifier$Cache readFromFile(java.io.File):379:379 -> a
    21:24:androidx.profileinstaller.ProfileVerifier$Cache readFromFile(java.io.File):380:380 -> a
    25:32:androidx.profileinstaller.ProfileVerifier$Cache readFromFile(java.io.File):381:381 -> a
    33:37:androidx.profileinstaller.ProfileVerifier$Cache readFromFile(java.io.File):383:383 -> a
    38:46:androidx.profileinstaller.ProfileVerifier$Cache readFromFile(java.io.File):376:376 -> a
    1:3:void writeOnFile(java.io.File):366:366 -> b
androidx.profileinstaller.WritableFileSection -> f.r:
# {"id":"sourceFile","fileName":"WritableFileSection.java"}
    androidx.profileinstaller.FileSectionType mType -> a
      # {"id":"com.android.tools.r8.residualsignature","signature":"I"}
    byte[] mContents -> b
    boolean mNeedsCompression -> c
    1:3:void <init>(androidx.profileinstaller.FileSectionType,int,byte[],boolean):34:34 -> <init>
      # {"id":"com.android.tools.r8.residualsignature","signature":"(I[BZ)V"}
    4:5:void <init>(androidx.profileinstaller.FileSectionType,int,byte[],boolean):35:35 -> <init>
    6:7:void <init>(androidx.profileinstaller.FileSectionType,int,byte[],boolean):37:37 -> <init>
    8:10:void <init>(androidx.profileinstaller.FileSectionType,int,byte[],boolean):38:38 -> <init>
androidx.startup.AppInitializer -> g.a:
# {"id":"sourceFile","fileName":"AppInitializer.java"}
    java.util.Map mInitialized -> a
      # {"id":"com.android.tools.r8.residualsignature","signature":"Ljava/util/HashMap;"}
    java.util.Set mDiscovered -> b
      # {"id":"com.android.tools.r8.residualsignature","signature":"Ljava/util/HashSet;"}
    android.content.Context mContext -> c
    androidx.startup.AppInitializer sInstance -> d
      # {"id":"com.android.tools.r8.residualsignature","signature":"Lg/a;"}
    java.lang.Object sLock -> e
    1:8:void <clinit>():57:57 -> <clinit>
    1:3:void <init>(android.content.Context):73:73 -> <init>
    4:9:void <init>(android.content.Context):74:74 -> <init>
    10:16:void <init>(android.content.Context):75:75 -> <init>
    17:24:void <init>(android.content.Context):76:76 -> <init>
    1:10:void discoverAndInitialize(android.os.Bundle):216:216 -> a
    11:15:void discoverAndInitialize(android.os.Bundle):219:219 -> a
    16:19:void discoverAndInitialize(android.os.Bundle):220:220 -> a
    20:38:void discoverAndInitialize(android.os.Bundle):221:221 -> a
    39:42:void discoverAndInitialize(android.os.Bundle):222:222 -> a
    43:48:void discoverAndInitialize(android.os.Bundle):223:223 -> a
    49:52:void discoverAndInitialize(android.os.Bundle):224:224 -> a
    53:60:void discoverAndInitialize(android.os.Bundle):225:225 -> a
    61:66:void discoverAndInitialize(android.os.Bundle):228:228 -> a