app/build/outputs/mapping/release/usage.txt
com.voltrigger.R$color
com.voltrigger.R$drawable
com.voltrigger.R$id:
    public static int logo_card
    private void <init>()
com.voltrigger.R$layout:
    private void <init>()
com.voltrigger.R$string
com.voltrigger.R$xml
com.voltrigger.R
com.voltrigger.R$id
com.voltrigger.R$layout
...
kotlin.collections.MapWithDefaultImpl
kotlin.collections.MapsKt
kotlin.collections.MapsKt__MapWithDefaultKt
kotlin.collections.MapsKt__MapsJVMKt
kotlin.collections.MapsKt__MapsKt
kotlin.collections.MapsKt___MapsJvmKt
kotlin.collections.MapsKt___MapsKt
kotlin.collections.MovingSubList
kotlin.collections.MutableMapWithDefault
kotlin.collections.MutableMapWithDefaultImpl
kotlin.collections.ReversedList$listIterator$1
kotlin.collections.ReversedList
kotlin.collections.ReversedListReadOnly$listIterator$1
kotlin.collections.ReversedListReadOnly
kotlin.collections.RingBuffer$iterator$1
kotlin.collections.RingBuffer
kotlin.collections.SetsKt
kotlin.collections.SetsKt__SetsJVMKt
kotlin.collections.SetsKt__SetsKt
kotlin.collections.SetsKt___SetsKt
kotlin.collections.ShortIterator
kotlin.collections.SlidingWindowKt$windowedIterator$1
kotlin.collections.SlidingWindowKt$windowedSequence$$inlined$Sequence$1
kotlin.collections.SlidingWindowKt
kotlin.collections.State
kotlin.collections.TypeAliasesKt
kotlin.collections.UArraySortingKt
kotlin.collections.UCollectionsKt
kotlin.collections.UCollectionsKt___UCollectionsKt
kotlin.collections.builders.AbstractMapBuilderEntrySet
kotlin.collections.builders.ListBuilder$BuilderSubList$Itr
kotlin.collections.builders.ListBuilder$BuilderSubList
kotlin.collections.builders.ListBuilder$Companion
kotlin.collections.builders.ListBuilder$Itr
kotlin.collections.builders.ListBuilder
kotlin.collections.builders.ListBuilderKt
kotlin.collections.builders.MapBuilder$Companion
kotlin.collections.builders.MapBuilder$EntriesItr
kotlin.collections.builders.MapBuilder$EntryRef
kotlin.collections.builders.MapBuilder$Itr
kotlin.collections.builders.MapBuilder$KeysItr
kotlin.collections.builders.MapBuilder$ValuesItr
kotlin.collections.builders.MapBuilder
kotlin.collections.builders.MapBuilderEntries
kotlin.collections.builders.MapBuilderKeys
kotlin.collections.builders.MapBuilderValues
kotlin.collections.builders.SerializedCollection$Companion
kotlin.collections.builders.SerializedCollection
kotlin.collections.builders.SerializedMap$Companion
kotlin.collections.builders.SerializedMap
kotlin.collections.builders.SetBuilder$Companion
kotlin.collections.builders.SetBuilder
kotlin.collections.jdk8.CollectionsJDK8Kt
kotlin.collections.unsigned.UArraysKt
kotlin.collections.unsigned.UArraysKt___UArraysJvmKt$asList$1
kotlin.collections.unsigned.UArraysKt___UArraysJvmKt$asList$2
kotlin.collections.unsigned.UArraysKt___UArraysJvmKt$asList$3
kotlin.collections.unsigned.UArraysKt___UArraysJvmKt$asList$4
kotlin.collections.unsigned.UArraysKt___UArraysJvmKt
kotlin.collections.unsigned.UArraysKt___UArraysKt$withIndex$1
kotlin.collections.unsigned.UArraysKt___UArraysKt$withIndex$2
kotlin.collections.unsigned.UArraysKt___UArraysKt$withIndex$3
kotlin.collections.unsigned.UArraysKt___UArraysKt$withIndex$4
kotlin.collections.unsigned.UArraysKt___UArraysKt
kotlin.comparisons.ComparisonsKt
kotlin.comparisons.ComparisonsKt__ComparisonsKt$compareBy$2
kotlin.comparisons.ComparisonsKt__ComparisonsKt$compareBy$3
kotlin.comparisons.ComparisonsKt__ComparisonsKt$compareByDescending$1
kotlin.comparisons.ComparisonsKt__ComparisonsKt$compareByDescending$2
kotlin.comparisons.ComparisonsKt__ComparisonsKt$thenBy$1
kotlin.comparisons.ComparisonsKt__ComparisonsKt$thenBy$2
kotlin.comparisons.ComparisonsKt__ComparisonsKt$thenByDescending$1
kotlin.comparisons.ComparisonsKt__ComparisonsKt$thenByDescending$2
kotlin.comparisons.ComparisonsKt__ComparisonsKt$thenComparator$1
kotlin.comparisons.ComparisonsKt__ComparisonsKt
kotlin.comparisons.ComparisonsKt___ComparisonsJvmKt
kotlin.comparisons.ComparisonsKt___ComparisonsKt
kotlin.comparisons.NaturalOrderComparator
kotlin.comparisons.ReverseOrderComparator
kotlin.comparisons.ReversedComparator
kotlin.comparisons.UComparisonsKt
kotlin.comparisons.UComparisonsKt___UComparisonsKt
kotlin.concurrent.LocksKt
kotlin.concurrent.ThreadsKt$thread$thread$1
kotlin.concurrent.ThreadsKt
kotlin.concurrent.TimersKt$timerTask$1